#
# There is insufficient memory for the Java Runtime Environment to continue.
# Native memory allocation (malloc) failed to allocate 384016 bytes for Chunk::new
# Possible reasons:
#   The system is out of physical RAM or swap space
#   The process is running with CompressedOops enabled, and the Java Heap may be blocking the growth of the native heap
# Possible solutions:
#   Reduce memory load on the system
#   Increase physical memory or swap space
#   Check if swap backing store is full
#   Decrease Java heap size (-Xmx/-Xms)
#   Decrease number of Java threads
#   Decrease Java thread stack sizes (-Xss)
#   Set larger code cache with -XX:ReservedCodeCacheSize=
#   JVM is running with Zero Based Compressed Oops mode in which the Java heap is
#     placed in the first 32GB address space. The Java Heap base address is the
#     maximum limit for the native heap growth. Please use -XX:HeapBaseMinAddress
#     to set the Java Heap base and to place the Java Heap above 32GB virtual address.
# This output file may be truncated or incomplete.
#
#  Out of Memory Error (arena.cpp:189), pid=25504, tid=20620
#
# JRE version: Java(TM) SE Runtime Environment (17.0.10+11) (build 17.0.10+11-LTS-240)
# Java VM: Java HotSpot(TM) 64-Bit Server VM (17.0.10+11-LTS-240, mixed mode, sharing, tiered, compressed oops, compressed class ptrs, g1 gc, windows-amd64)
# No core dump will be written. Minidumps are not enabled by default on client versions of Windows
#

---------------  S U M M A R Y ------------

Command Line: --enable-native-access=ALL-UNNAMED -Dclassworlds.conf=C:\Users\27978\.m2\wrapper\dists\apache-maven-3.9.11\03d7e36a140982eea48e22c1dcac01d8862b2550b2939e09a0809bbc5182a5bc\bin\m2.conf -Dmaven.home=C:\Users\27978\.m2\wrapper\dists\apache-maven-3.9.11\03d7e36a140982eea48e22c1dcac01d8862b2550b2939e09a0809bbc5182a5bc -Dlibrary.jansi.path=C:\Users\27978\.m2\wrapper\dists\apache-maven-3.9.11\03d7e36a140982eea48e22c1dcac01d8862b2550b2939e09a0809bbc5182a5bc\lib\jansi-native -Dmaven.multiModuleProjectDirectory=D:\importantFile\大三上\System3\smartLesson org.codehaus.plexus.classworlds.launcher.Launcher -q -DskipTests clean package

Host: AMD Ryzen 7 7840HS with Radeon 780M Graphics, 16 cores, 27G,  Windows 11 , 64 bit Build 22621 (10.0.22621.5415)
Time: Wed Nov 26 18:26:08 2025  Windows 11 , 64 bit Build 22621 (10.0.22621.5415) elapsed time: 0.624224 seconds (0d 0h 0m 0s)

---------------  T H R E A D  ---------------

Current thread (0x00000206d25b3b40):  JavaThread "C2 CompilerThread1" daemon [_thread_in_native, id=20620, stack(0x00000022d5a00000,0x00000022d5b00000)]


Current CompileTask:
C2:    624 1099       4       java.io.InputStreamReader::read (11 bytes)

Stack: [0x00000022d5a00000,0x00000022d5b00000]
Native frames: (J=compiled Java code, j=interpreted, Vv=VM code, C=native code)
V  [jvm.dll+0x677a5a]
V  [jvm.dll+0x7d8b2d]
V  [jvm.dll+0x7da48e]
V  [jvm.dll+0x7daaf3]
V  [jvm.dll+0x2455ff]
V  [jvm.dll+0xaaafb]
V  [jvm.dll+0xab09c]
V  [jvm.dll+0x361b5f]
V  [jvm.dll+0x1bb1da]
V  [jvm.dll+0x217aa7]
V  [jvm.dll+0x216d81]
V  [jvm.dll+0x1a3410]
V  [jvm.dll+0x226aeb]
V  [jvm.dll+0x224cab]
V  [jvm.dll+0x78e45c]
V  [jvm.dll+0x78888a]
V  [jvm.dll+0x676935]
C  [ucrtbase.dll+0x29333]
C  [KERNEL32.DLL+0x1259d]
C  [ntdll.dll+0x5af78]


---------------  P R O C E S S  ---------------

Threads class SMR info:
_java_thread_list=0x00000206d2bf1070, length=22, elements={
0x00000206a7709730, 0x00000206d17ee6f0, 0x00000206d2073390, 0x00000206d20a0700,
0x00000206d20a30e0, 0x00000206d20a59c0, 0x00000206d20a6290, 0x00000206d20a6f40,
0x00000206d20aa0c0, 0x00000206d20999b0, 0x00000206d21deb10, 0x00000206d21e2760,
0x00000206d220c320, 0x00000206d2215070, 0x00000206d25b3b40, 0x00000206d2b0da10,
0x00000206d292c240, 0x00000206d2c1a7f0, 0x0000020718238740, 0x0000020718239070,
0x0000020718232590, 0x0000020718237f30
}

Java Threads: ( => current thread )
  0x00000206a7709730 JavaThread "main" [_thread_in_vm, id=10236, stack(0x00000022d4500000,0x00000022d4600000)]
  0x00000206d17ee6f0 JavaThread "Reference Handler" daemon [_thread_blocked, id=16676, stack(0x00000022d4c00000,0x00000022d4d00000)]
  0x00000206d2073390 JavaThread "Finalizer" daemon [_thread_blocked, id=45580, stack(0x00000022d4d00000,0x00000022d4e00000)]
  0x00000206d20a0700 JavaThread "Signal Dispatcher" daemon [_thread_blocked, id=37372, stack(0x00000022d4e00000,0x00000022d4f00000)]
  0x00000206d20a30e0 JavaThread "Attach Listener" daemon [_thread_blocked, id=9844, stack(0x00000022d4f00000,0x00000022d5000000)]
  0x00000206d20a59c0 JavaThread "Service Thread" daemon [_thread_blocked, id=42600, stack(0x00000022d5000000,0x00000022d5100000)]
  0x00000206d20a6290 JavaThread "Monitor Deflation Thread" daemon [_thread_blocked, id=9236, stack(0x00000022d5100000,0x00000022d5200000)]
  0x00000206d20a6f40 JavaThread "C2 CompilerThread0" daemon [_thread_in_native, id=16884, stack(0x00000022d5200000,0x00000022d5300000)]
  0x00000206d20aa0c0 JavaThread "C1 CompilerThread0" daemon [_thread_blocked, id=46044, stack(0x00000022d5300000,0x00000022d5400000)]
  0x00000206d20999b0 JavaThread "Sweeper thread" daemon [_thread_blocked, id=44076, stack(0x00000022d5400000,0x00000022d5500000)]
  0x00000206d21deb10 JavaThread "C1 CompilerThread1" daemon [_thread_blocked, id=47624, stack(0x00000022d5500000,0x00000022d5600000)]
  0x00000206d21e2760 JavaThread "C1 CompilerThread2" daemon [_thread_in_native, id=42312, stack(0x00000022d5600000,0x00000022d5700000)]
  0x00000206d220c320 JavaThread "Notification Thread" daemon [_thread_blocked, id=34840, stack(0x00000022d5700000,0x00000022d5800000)]
  0x00000206d2215070 JavaThread "Common-Cleaner" daemon [_thread_blocked, id=38652, stack(0x00000022d5900000,0x00000022d5a00000)]
=>0x00000206d25b3b40 JavaThread "C2 CompilerThread1" daemon [_thread_in_native, id=20620, stack(0x00000022d5a00000,0x00000022d5b00000)]
  0x00000206d2b0da10 JavaThread "C1 CompilerThread3" daemon [_thread_blocked, id=9252, stack(0x00000022d5b00000,0x00000022d5c00000)]
  0x00000206d292c240 JavaThread "C2 CompilerThread2" daemon [_thread_in_native, id=28624, stack(0x00000022d5c00000,0x00000022d5d00000)]
  0x00000206d2c1a7f0 JavaThread "C2 CompilerThread3" daemon [_thread_in_native, id=43376, stack(0x00000022d6600000,0x00000022d6700000)]
  0x0000020718238740 JavaThread "C2 CompilerThread4" daemon [_thread_in_native, id=13416, stack(0x00000022d6700000,0x00000022d6800000)]
  0x0000020718239070 JavaThread "C2 CompilerThread5" daemon [_thread_in_native, id=24284, stack(0x00000022d6800000,0x00000022d6900000)]
  0x0000020718232590 JavaThread "C2 CompilerThread6" daemon [_thread_in_native, id=8072, stack(0x00000022d6900000,0x00000022d6a00000)]
  0x0000020718237f30 JavaThread "C2 CompilerThread7" daemon [_thread_in_native, id=46544, stack(0x00000022d6a00000,0x00000022d6b00000)]

Other Threads:
  0x00000206d17eac50 VMThread "VM Thread" [stack: 0x00000022d4b00000,0x00000022d4c00000] [id=24988]
  0x00000206d220cc10 WatcherThread [stack: 0x00000022d5800000,0x00000022d5900000] [id=23572]
  0x00000206a77a4840 GCTaskThread "GC Thread#0" [stack: 0x00000022d4600000,0x00000022d4700000] [id=5896]
  0x00000206d2bf5680 GCTaskThread "GC Thread#1" [stack: 0x00000022d5d00000,0x00000022d5e00000] [id=25308]
  0x00000206d23bb100 GCTaskThread "GC Thread#2" [stack: 0x00000022d5e00000,0x00000022d5f00000] [id=6072]
  0x00000206d2c03e40 GCTaskThread "GC Thread#3" [stack: 0x00000022d5f00000,0x00000022d6000000] [id=7156]
  0x00000207180317e0 GCTaskThread "GC Thread#4" [stack: 0x00000022d6000000,0x00000022d6100000] [id=42500]
  0x0000020718031eb0 GCTaskThread "GC Thread#5" [stack: 0x00000022d6100000,0x00000022d6200000] [id=44116]
  0x00000206d2c072c0 GCTaskThread "GC Thread#6" [stack: 0x00000022d6200000,0x00000022d6300000] [id=29780]
  0x00000206d2c07580 GCTaskThread "GC Thread#7" [stack: 0x00000022d6300000,0x00000022d6400000] [id=15440]
  0x00000206d2c07840 GCTaskThread "GC Thread#8" [stack: 0x00000022d6400000,0x00000022d6500000] [id=13388]
  0x00000206d2c07b00 GCTaskThread "GC Thread#9" [stack: 0x00000022d6500000,0x00000022d6600000] [id=17988]
  0x00000206a77b5640 ConcurrentGCThread "G1 Main Marker" [stack: 0x00000022d4700000,0x00000022d4800000] [id=14796]
  0x00000206a77b7800 ConcurrentGCThread "G1 Conc#0" [stack: 0x00000022d4800000,0x00000022d4900000] [id=14352]
  0x00000206d16a3ac0 ConcurrentGCThread "G1 Refine#0" [stack: 0x00000022d4900000,0x00000022d4a00000] [id=46752]
  0x00000206d16a44f0 ConcurrentGCThread "G1 Service" [stack: 0x00000022d4a00000,0x00000022d4b00000] [id=43096]

Threads with active compile tasks:
C2 CompilerThread0      662 1100       4       org.codehaus.plexus.util.xml.XmlReader::read (11 bytes)
C1 CompilerThread2      662 1145       3       org.codehaus.plexus.util.xml.pull.MXParser::require (468 bytes)
C2 CompilerThread1      662 1099       4       java.io.InputStreamReader::read (11 bytes)
C1 CompilerThread3      662 1202       3       java.util.Comparator::comparing (24 bytes)
C2 CompilerThread2      663 1120   !   4       java.nio.charset.CharsetDecoder::decode (275 bytes)
C2 CompilerThread3      663 1101       4       org.codehaus.plexus.util.InterpolationFilterReader::read (477 bytes)
C2 CompilerThread4      663 1115       4       sun.nio.cs.StreamDecoder::implRead (243 bytes)
C2 CompilerThread5      663 1139       4       org.codehaus.plexus.util.xml.pull.MXParser::nextImpl (1208 bytes)
C2 CompilerThread6      663 1140   !   4       sun.nio.cs.StreamDecoder::read (196 bytes)
C2 CompilerThread7      663 1102       4       java.io.Reader::read (21 bytes)

VM state: not at safepoint (normal execution)

VM Mutex/Monitor currently owned by a thread:  ([mutex/lock_event])
[0x00000206a7705930] Compile_lock - owner thread: 0x0000000000000000

Heap address: 0x0000000642c00000, size: 7124 MB, Compressed Oops mode: Zero based, Oop shift amount: 3

CDS archive(s) mapped at: [0x00000206d3000000-0x00000206d3bd0000-0x00000206d3bd0000), size 12386304, SharedBaseAddress: 0x00000206d3000000, ArchiveRelocationMode: 1.
Compressed class space mapped at: 0x00000206d4000000-0x0000020714000000, reserved size: 1073741824
Narrow klass base: 0x00000206d3000000, Narrow klass shift: 0, Narrow klass range: 0x100000000

GC Precious Log:
 CPUs: 16 total, 16 available
 Memory: 28483M
 Large Page Support: Disabled
 NUMA Support: Disabled
 Compressed Oops: Enabled (Zero based)
 Heap Region Size: 4M
 Heap Min Capacity: 8M
 Heap Initial Capacity: 448M
 Heap Max Capacity: 7124M
 Pre-touch: Disabled
 Parallel Workers: 13
 Concurrent Workers: 3
 Concurrent Refinement Workers: 13
 Periodic GC: Disabled

Heap:
 garbage-first heap   total 458752K, used 12085K [0x0000000642c00000, 0x0000000800000000)
  region size 4096K, 4 young (16384K), 1 survivors (4096K)
 Metaspace       used 5732K, committed 5888K, reserved 1114112K
  class space    used 694K, committed 768K, reserved 1048576K

Heap Regions: E=young(eden), S=young(survivor), O=old, HS=humongous(starts), HC=humongous(continues), CS=collection set, F=free, OA=open archive, CA=closed archive, TAMS=top-at-mark-start (previous, next)
|   0|0x0000000642c00000, 0x0000000642c00000, 0x0000000643000000|  0%| F|  |TAMS 0x0000000642c00000, 0x0000000642c00000| Untracked 
|   1|0x0000000643000000, 0x0000000643000000, 0x0000000643400000|  0%| F|  |TAMS 0x0000000643000000, 0x0000000643000000| Untracked 
|   2|0x0000000643400000, 0x0000000643400000, 0x0000000643800000|  0%| F|  |TAMS 0x0000000643400000, 0x0000000643400000| Untracked 
|   3|0x0000000643800000, 0x0000000643800000, 0x0000000643c00000|  0%| F|  |TAMS 0x0000000643800000, 0x0000000643800000| Untracked 
|   4|0x0000000643c00000, 0x0000000643c00000, 0x0000000644000000|  0%| F|  |TAMS 0x0000000643c00000, 0x0000000643c00000| Untracked 
|   5|0x0000000644000000, 0x0000000644000000, 0x0000000644400000|  0%| F|  |TAMS 0x0000000644000000, 0x0000000644000000| Untracked 
|   6|0x0000000644400000, 0x0000000644400000, 0x0000000644800000|  0%| F|  |TAMS 0x0000000644400000, 0x0000000644400000| Untracked 
|   7|0x0000000644800000, 0x0000000644800000, 0x0000000644c00000|  0%| F|  |TAMS 0x0000000644800000, 0x0000000644800000| Untracked 
|   8|0x0000000644c00000, 0x0000000644c00000, 0x0000000645000000|  0%| F|  |TAMS 0x0000000644c00000, 0x0000000644c00000| Untracked 
|   9|0x0000000645000000, 0x0000000645000000, 0x0000000645400000|  0%| F|  |TAMS 0x0000000645000000, 0x0000000645000000| Untracked 
|  10|0x0000000645400000, 0x0000000645400000, 0x0000000645800000|  0%| F|  |TAMS 0x0000000645400000, 0x0000000645400000| Untracked 
|  11|0x0000000645800000, 0x0000000645800000, 0x0000000645c00000|  0%| F|  |TAMS 0x0000000645800000, 0x0000000645800000| Untracked 
|  12|0x0000000645c00000, 0x0000000645c00000, 0x0000000646000000|  0%| F|  |TAMS 0x0000000645c00000, 0x0000000645c00000| Untracked 
|  13|0x0000000646000000, 0x0000000646000000, 0x0000000646400000|  0%| F|  |TAMS 0x0000000646000000, 0x0000000646000000| Untracked 
|  14|0x0000000646400000, 0x0000000646400000, 0x0000000646800000|  0%| F|  |TAMS 0x0000000646400000, 0x0000000646400000| Untracked 
|  15|0x0000000646800000, 0x0000000646800000, 0x0000000646c00000|  0%| F|  |TAMS 0x0000000646800000, 0x0000000646800000| Untracked 
|  16|0x0000000646c00000, 0x0000000646c00000, 0x0000000647000000|  0%| F|  |TAMS 0x0000000646c00000, 0x0000000646c00000| Untracked 
|  17|0x0000000647000000, 0x0000000647000000, 0x0000000647400000|  0%| F|  |TAMS 0x0000000647000000, 0x0000000647000000| Untracked 
|  18|0x0000000647400000, 0x0000000647400000, 0x0000000647800000|  0%| F|  |TAMS 0x0000000647400000, 0x0000000647400000| Untracked 
|  19|0x0000000647800000, 0x0000000647800000, 0x0000000647c00000|  0%| F|  |TAMS 0x0000000647800000, 0x0000000647800000| Untracked 
|  20|0x0000000647c00000, 0x0000000647c00000, 0x0000000648000000|  0%| F|  |TAMS 0x0000000647c00000, 0x0000000647c00000| Untracked 
|  21|0x0000000648000000, 0x0000000648000000, 0x0000000648400000|  0%| F|  |TAMS 0x0000000648000000, 0x0000000648000000| Untracked 
|  22|0x0000000648400000, 0x0000000648400000, 0x0000000648800000|  0%| F|  |TAMS 0x0000000648400000, 0x0000000648400000| Untracked 
|  23|0x0000000648800000, 0x0000000648800000, 0x0000000648c00000|  0%| F|  |TAMS 0x0000000648800000, 0x0000000648800000| Untracked 
|  24|0x0000000648c00000, 0x0000000648c00000, 0x0000000649000000|  0%| F|  |TAMS 0x0000000648c00000, 0x0000000648c00000| Untracked 
|  25|0x0000000649000000, 0x0000000649000000, 0x0000000649400000|  0%| F|  |TAMS 0x0000000649000000, 0x0000000649000000| Untracked 
|  26|0x0000000649400000, 0x0000000649400000, 0x0000000649800000|  0%| F|  |TAMS 0x0000000649400000, 0x0000000649400000| Untracked 
|  27|0x0000000649800000, 0x0000000649800000, 0x0000000649c00000|  0%| F|  |TAMS 0x0000000649800000, 0x0000000649800000| Untracked 
|  28|0x0000000649c00000, 0x0000000649c00000, 0x000000064a000000|  0%| F|  |TAMS 0x0000000649c00000, 0x0000000649c00000| Untracked 
|  29|0x000000064a000000, 0x000000064a000000, 0x000000064a400000|  0%| F|  |TAMS 0x000000064a000000, 0x000000064a000000| Untracked 
|  30|0x000000064a400000, 0x000000064a400000, 0x000000064a800000|  0%| F|  |TAMS 0x000000064a400000, 0x000000064a400000| Untracked 
|  31|0x000000064a800000, 0x000000064a800000, 0x000000064ac00000|  0%| F|  |TAMS 0x000000064a800000, 0x000000064a800000| Untracked 
|  32|0x000000064ac00000, 0x000000064ac00000, 0x000000064b000000|  0%| F|  |TAMS 0x000000064ac00000, 0x000000064ac00000| Untracked 
|  33|0x000000064b000000, 0x000000064b000000, 0x000000064b400000|  0%| F|  |TAMS 0x000000064b000000, 0x000000064b000000| Untracked 
|  34|0x000000064b400000, 0x000000064b400000, 0x000000064b800000|  0%| F|  |TAMS 0x000000064b400000, 0x000000064b400000| Untracked 
|  35|0x000000064b800000, 0x000000064b800000, 0x000000064bc00000|  0%| F|  |TAMS 0x000000064b800000, 0x000000064b800000| Untracked 
|  36|0x000000064bc00000, 0x000000064bc00000, 0x000000064c000000|  0%| F|  |TAMS 0x000000064bc00000, 0x000000064bc00000| Untracked 
|  37|0x000000064c000000, 0x000000064c000000, 0x000000064c400000|  0%| F|  |TAMS 0x000000064c000000, 0x000000064c000000| Untracked 
|  38|0x000000064c400000, 0x000000064c400000, 0x000000064c800000|  0%| F|  |TAMS 0x000000064c400000, 0x000000064c400000| Untracked 
|  39|0x000000064c800000, 0x000000064c800000, 0x000000064cc00000|  0%| F|  |TAMS 0x000000064c800000, 0x000000064c800000| Untracked 
|  40|0x000000064cc00000, 0x000000064cc00000, 0x000000064d000000|  0%| F|  |TAMS 0x000000064cc00000, 0x000000064cc00000| Untracked 
|  41|0x000000064d000000, 0x000000064d000000, 0x000000064d400000|  0%| F|  |TAMS 0x000000064d000000, 0x000000064d000000| Untracked 
|  42|0x000000064d400000, 0x000000064d400000, 0x000000064d800000|  0%| F|  |TAMS 0x000000064d400000, 0x000000064d400000| Untracked 
|  43|0x000000064d800000, 0x000000064d800000, 0x000000064dc00000|  0%| F|  |TAMS 0x000000064d800000, 0x000000064d800000| Untracked 
|  44|0x000000064dc00000, 0x000000064dc00000, 0x000000064e000000|  0%| F|  |TAMS 0x000000064dc00000, 0x000000064dc00000| Untracked 
|  45|0x000000064e000000, 0x000000064e000000, 0x000000064e400000|  0%| F|  |TAMS 0x000000064e000000, 0x000000064e000000| Untracked 
|  46|0x000000064e400000, 0x000000064e400000, 0x000000064e800000|  0%| F|  |TAMS 0x000000064e400000, 0x000000064e400000| Untracked 
|  47|0x000000064e800000, 0x000000064e800000, 0x000000064ec00000|  0%| F|  |TAMS 0x000000064e800000, 0x000000064e800000| Untracked 
|  48|0x000000064ec00000, 0x000000064ec00000, 0x000000064f000000|  0%| F|  |TAMS 0x000000064ec00000, 0x000000064ec00000| Untracked 
|  49|0x000000064f000000, 0x000000064f000000, 0x000000064f400000|  0%| F|  |TAMS 0x000000064f000000, 0x000000064f000000| Untracked 
|  50|0x000000064f400000, 0x000000064f400000, 0x000000064f800000|  0%| F|  |TAMS 0x000000064f400000, 0x000000064f400000| Untracked 
|  51|0x000000064f800000, 0x000000064f800000, 0x000000064fc00000|  0%| F|  |TAMS 0x000000064f800000, 0x000000064f800000| Untracked 
|  52|0x000000064fc00000, 0x000000064fc00000, 0x0000000650000000|  0%| F|  |TAMS 0x000000064fc00000, 0x000000064fc00000| Untracked 
|  53|0x0000000650000000, 0x0000000650000000, 0x0000000650400000|  0%| F|  |TAMS 0x0000000650000000, 0x0000000650000000| Untracked 
|  54|0x0000000650400000, 0x0000000650400000, 0x0000000650800000|  0%| F|  |TAMS 0x0000000650400000, 0x0000000650400000| Untracked 
|  55|0x0000000650800000, 0x0000000650800000, 0x0000000650c00000|  0%| F|  |TAMS 0x0000000650800000, 0x0000000650800000| Untracked 
|  56|0x0000000650c00000, 0x0000000650c00000, 0x0000000651000000|  0%| F|  |TAMS 0x0000000650c00000, 0x0000000650c00000| Untracked 
|  57|0x0000000651000000, 0x0000000651000000, 0x0000000651400000|  0%| F|  |TAMS 0x0000000651000000, 0x0000000651000000| Untracked 
|  58|0x0000000651400000, 0x0000000651400000, 0x0000000651800000|  0%| F|  |TAMS 0x0000000651400000, 0x0000000651400000| Untracked 
|  59|0x0000000651800000, 0x0000000651800000, 0x0000000651c00000|  0%| F|  |TAMS 0x0000000651800000, 0x0000000651800000| Untracked 
|  60|0x0000000651c00000, 0x0000000651c00000, 0x0000000652000000|  0%| F|  |TAMS 0x0000000651c00000, 0x0000000651c00000| Untracked 
|  61|0x0000000652000000, 0x0000000652000000, 0x0000000652400000|  0%| F|  |TAMS 0x0000000652000000, 0x0000000652000000| Untracked 
|  62|0x0000000652400000, 0x0000000652400000, 0x0000000652800000|  0%| F|  |TAMS 0x0000000652400000, 0x0000000652400000| Untracked 
|  63|0x0000000652800000, 0x0000000652800000, 0x0000000652c00000|  0%| F|  |TAMS 0x0000000652800000, 0x0000000652800000| Untracked 
|  64|0x0000000652c00000, 0x0000000652c00000, 0x0000000653000000|  0%| F|  |TAMS 0x0000000652c00000, 0x0000000652c00000| Untracked 
|  65|0x0000000653000000, 0x0000000653000000, 0x0000000653400000|  0%| F|  |TAMS 0x0000000653000000, 0x0000000653000000| Untracked 
|  66|0x0000000653400000, 0x0000000653400000, 0x0000000653800000|  0%| F|  |TAMS 0x0000000653400000, 0x0000000653400000| Untracked 
|  67|0x0000000653800000, 0x0000000653800000, 0x0000000653c00000|  0%| F|  |TAMS 0x0000000653800000, 0x0000000653800000| Untracked 
|  68|0x0000000653c00000, 0x0000000653c00000, 0x0000000654000000|  0%| F|  |TAMS 0x0000000653c00000, 0x0000000653c00000| Untracked 
|  69|0x0000000654000000, 0x0000000654000000, 0x0000000654400000|  0%| F|  |TAMS 0x0000000654000000, 0x0000000654000000| Untracked 
|  70|0x0000000654400000, 0x0000000654400000, 0x0000000654800000|  0%| F|  |TAMS 0x0000000654400000, 0x0000000654400000| Untracked 
|  71|0x0000000654800000, 0x0000000654800000, 0x0000000654c00000|  0%| F|  |TAMS 0x0000000654800000, 0x0000000654800000| Untracked 
|  72|0x0000000654c00000, 0x0000000654c00000, 0x0000000655000000|  0%| F|  |TAMS 0x0000000654c00000, 0x0000000654c00000| Untracked 
|  73|0x0000000655000000, 0x0000000655000000, 0x0000000655400000|  0%| F|  |TAMS 0x0000000655000000, 0x0000000655000000| Untracked 
|  74|0x0000000655400000, 0x0000000655400000, 0x0000000655800000|  0%| F|  |TAMS 0x0000000655400000, 0x0000000655400000| Untracked 
|  75|0x0000000655800000, 0x0000000655800000, 0x0000000655c00000|  0%| F|  |TAMS 0x0000000655800000, 0x0000000655800000| Untracked 
|  76|0x0000000655c00000, 0x0000000655c00000, 0x0000000656000000|  0%| F|  |TAMS 0x0000000655c00000, 0x0000000655c00000| Untracked 
|  77|0x0000000656000000, 0x0000000656000000, 0x0000000656400000|  0%| F|  |TAMS 0x0000000656000000, 0x0000000656000000| Untracked 
|  78|0x0000000656400000, 0x0000000656400000, 0x0000000656800000|  0%| F|  |TAMS 0x0000000656400000, 0x0000000656400000| Untracked 
|  79|0x0000000656800000, 0x0000000656800000, 0x0000000656c00000|  0%| F|  |TAMS 0x0000000656800000, 0x0000000656800000| Untracked 
|  80|0x0000000656c00000, 0x0000000656c00000, 0x0000000657000000|  0%| F|  |TAMS 0x0000000656c00000, 0x0000000656c00000| Untracked 
|  81|0x0000000657000000, 0x0000000657000000, 0x0000000657400000|  0%| F|  |TAMS 0x0000000657000000, 0x0000000657000000| Untracked 
|  82|0x0000000657400000, 0x0000000657400000, 0x0000000657800000|  0%| F|  |TAMS 0x0000000657400000, 0x0000000657400000| Untracked 
|  83|0x0000000657800000, 0x0000000657800000, 0x0000000657c00000|  0%| F|  |TAMS 0x0000000657800000, 0x0000000657800000| Untracked 
|  84|0x0000000657c00000, 0x0000000657c00000, 0x0000000658000000|  0%| F|  |TAMS 0x0000000657c00000, 0x0000000657c00000| Untracked 
|  85|0x0000000658000000, 0x0000000658000000, 0x0000000658400000|  0%| F|  |TAMS 0x0000000658000000, 0x0000000658000000| Untracked 
|  86|0x0000000658400000, 0x0000000658400000, 0x0000000658800000|  0%| F|  |TAMS 0x0000000658400000, 0x0000000658400000| Untracked 
|  87|0x0000000658800000, 0x0000000658800000, 0x0000000658c00000|  0%| F|  |TAMS 0x0000000658800000, 0x0000000658800000| Untracked 
|  88|0x0000000658c00000, 0x0000000658c00000, 0x0000000659000000|  0%| F|  |TAMS 0x0000000658c00000, 0x0000000658c00000| Untracked 
|  89|0x0000000659000000, 0x0000000659000000, 0x0000000659400000|  0%| F|  |TAMS 0x0000000659000000, 0x0000000659000000| Untracked 
|  90|0x0000000659400000, 0x0000000659400000, 0x0000000659800000|  0%| F|  |TAMS 0x0000000659400000, 0x0000000659400000| Untracked 
|  91|0x0000000659800000, 0x0000000659800000, 0x0000000659c00000|  0%| F|  |TAMS 0x0000000659800000, 0x0000000659800000| Untracked 
|  92|0x0000000659c00000, 0x0000000659c00000, 0x000000065a000000|  0%| F|  |TAMS 0x0000000659c00000, 0x0000000659c00000| Untracked 
|  93|0x000000065a000000, 0x000000065a000000, 0x000000065a400000|  0%| F|  |TAMS 0x000000065a000000, 0x000000065a000000| Untracked 
|  94|0x000000065a400000, 0x000000065a400000, 0x000000065a800000|  0%| F|  |TAMS 0x000000065a400000, 0x000000065a400000| Untracked 
|  95|0x000000065a800000, 0x000000065a800000, 0x000000065ac00000|  0%| F|  |TAMS 0x000000065a800000, 0x000000065a800000| Untracked 
|  96|0x000000065ac00000, 0x000000065ac00000, 0x000000065b000000|  0%| F|  |TAMS 0x000000065ac00000, 0x000000065ac00000| Untracked 
|  97|0x000000065b000000, 0x000000065b000000, 0x000000065b400000|  0%| F|  |TAMS 0x000000065b000000, 0x000000065b000000| Untracked 
|  98|0x000000065b400000, 0x000000065b400000, 0x000000065b800000|  0%| F|  |TAMS 0x000000065b400000, 0x000000065b400000| Untracked 
|  99|0x000000065b800000, 0x000000065b800000, 0x000000065bc00000|  0%| F|  |TAMS 0x000000065b800000, 0x000000065b800000| Untracked 
| 100|0x000000065bc00000, 0x000000065bc00000, 0x000000065c000000|  0%| F|  |TAMS 0x000000065bc00000, 0x000000065bc00000| Untracked 
| 101|0x000000065c000000, 0x000000065c000000, 0x000000065c400000|  0%| F|  |TAMS 0x000000065c000000, 0x000000065c000000| Untracked 
| 102|0x000000065c400000, 0x000000065c400000, 0x000000065c800000|  0%| F|  |TAMS 0x000000065c400000, 0x000000065c400000| Untracked 
| 103|0x000000065c800000, 0x000000065c800000, 0x000000065cc00000|  0%| F|  |TAMS 0x000000065c800000, 0x000000065c800000| Untracked 
| 104|0x000000065cc00000, 0x000000065cc00000, 0x000000065d000000|  0%| F|  |TAMS 0x000000065cc00000, 0x000000065cc00000| Untracked 
| 105|0x000000065d000000, 0x000000065d000000, 0x000000065d400000|  0%| F|  |TAMS 0x000000065d000000, 0x000000065d000000| Untracked 
| 106|0x000000065d400000, 0x000000065d7cd698, 0x000000065d800000| 95%| S|CS|TAMS 0x000000065d400000, 0x000000065d400000| Complete 
| 107|0x000000065d800000, 0x000000065d800000, 0x000000065dc00000|  0%| F|  |TAMS 0x000000065d800000, 0x000000065d800000| Untracked 
| 108|0x000000065dc00000, 0x000000065dc00000, 0x000000065e000000|  0%| F|  |TAMS 0x000000065dc00000, 0x000000065dc00000| Untracked 
| 109|0x000000065e000000, 0x000000065e2ac590, 0x000000065e400000| 66%| E|  |TAMS 0x000000065e000000, 0x000000065e000000| Complete 
| 110|0x000000065e400000, 0x000000065e800000, 0x000000065e800000|100%| E|CS|TAMS 0x000000065e400000, 0x000000065e400000| Complete 
| 111|0x000000065e800000, 0x000000065ec00000, 0x000000065ec00000|100%| E|CS|TAMS 0x000000065e800000, 0x000000065e800000| Complete 

Card table byte_map: [0x00000206bf620000,0x00000206c0410000] _byte_map_base: 0x00000206bc40a000

Marking Bits (Prev, Next): (CMBitMap*) 0x00000206a77a4e60, (CMBitMap*) 0x00000206a77a4ea0
 Prev Bits: [0x00000206c1200000, 0x00000206c8150000)
 Next Bits: [0x00000206c8150000, 0x00000206cf0a0000)

Polling page: 0x00000206a5710000

Metaspace:

Usage:
  Non-class:      4.99 MB used.
      Class:    697.88 KB used.
       Both:      5.67 MB used.

Virtual space:
  Non-class space:       64.00 MB reserved,       5.06 MB (  8%) committed,  1 nodes.
      Class space:        1.00 GB reserved,     768.00 KB ( <1%) committed,  1 nodes.
             Both:        1.06 GB reserved,       5.81 MB ( <1%) committed. 

Chunk freelists:
   Non-Class:  9.05 MB
       Class:  15.25 MB
        Both:  24.30 MB

MaxMetaspaceSize: unlimited
CompressedClassSpaceSize: 1.00 GB
Initial GC threshold: 21.00 MB
Current GC threshold: 21.00 MB
CDS: on
MetaspaceReclaimPolicy: balanced
 - commit_granule_bytes: 65536.
 - commit_granule_words: 8192.
 - virtual_space_node_default_size: 8388608.
 - enlarge_chunks_in_place: 1.
 - new_chunks_are_fully_committed: 0.
 - uncommit_free_chunks: 1.
 - use_allocation_guard: 0.
 - handle_deallocations: 1.


Internal statistics:

num_allocs_failed_limit: 0.
num_arena_births: 48.
num_arena_deaths: 0.
num_vsnodes_births: 2.
num_vsnodes_deaths: 0.
num_space_committed: 93.
num_space_uncommitted: 0.
num_chunks_returned_to_freelist: 0.
num_chunks_taken_from_freelist: 219.
num_chunk_merges: 0.
num_chunk_splits: 138.
num_chunks_enlarged: 114.
num_inconsistent_stats: 0.

CodeHeap 'non-profiled nmethods': size=119168Kb used=386Kb max_used=386Kb free=118781Kb
 bounds [0x00000206b6b50000, 0x00000206b6dc0000, 0x00000206bdfb0000]
CodeHeap 'profiled nmethods': size=119104Kb used=2505Kb max_used=2505Kb free=116598Kb
 bounds [0x00000206aefb0000, 0x00000206af230000, 0x00000206b6400000]
CodeHeap 'non-nmethods': size=7488Kb used=2857Kb max_used=2879Kb free=4630Kb
 bounds [0x00000206b6400000, 0x00000206b66e0000, 0x00000206b6b50000]
 total_blobs=1716 nmethods=1267 adapters=359
 compilation: enabled
              stopped_count=0, restarted_count=0
 full_count=0

Compilation events (20 events):
Event: 0.606 Thread 0x00000206d21e2760 nmethod 1136 0x00000206af1e3a90 code [0x00000206af1e3c80, 0x00000206af1e40d8]
Event: 0.606 Thread 0x0000020718232590 1137       4       sun.nio.cs.StreamDecoder::ensureOpen (18 bytes)
Event: 0.606 Thread 0x0000020718239070 nmethod 1113 0x00000206b6ba8c90 code [0x00000206b6ba8e00, 0x00000206b6ba8ed8]
Event: 0.607 Thread 0x0000020718239070 1117       4       java.nio.Buffer::<init> (105 bytes)
Event: 0.607 Thread 0x00000206d292c240 nmethod 1095 0x00000206b6ba5190 code [0x00000206b6ba5400, 0x00000206b6ba75d0]
Event: 0.607 Thread 0x00000206d21e2760 1138   !   2       sun.nio.cs.StreamDecoder::read (196 bytes)
Event: 0.608 Thread 0x0000020718232590 nmethod 1137 0x00000206b6ba9010 code [0x00000206b6ba9180, 0x00000206b6ba9218]
Event: 0.609 Thread 0x0000020718232590 1118       4       java.nio.ByteBuffer::position (6 bytes)
Event: 0.609 Thread 0x00000206d21e2760 nmethod 1138 0x00000206af1e4310 code [0x00000206af1e4540, 0x00000206af1e4c88]
Event: 0.609 Thread 0x00000206d292c240 1126       4       java.lang.System$2::decodeASCII (11 bytes)
Event: 0.612 Thread 0x0000020718232590 nmethod 1118 0x00000206b6ba9310 code [0x00000206b6ba94a0, 0x00000206b6ba9598]
Event: 0.612 Thread 0x0000020718232590 1127       4       java.lang.String::decodeASCII (64 bytes)
Event: 0.614 Thread 0x00000206d292c240 nmethod 1126 0x00000206b6ba9690 code [0x00000206b6ba9800, 0x00000206b6ba9b18]
Event: 0.614 Thread 0x00000206d292c240 1120   !   4       java.nio.charset.CharsetDecoder::decode (275 bytes)
Event: 0.616 Thread 0x0000020718239070 nmethod 1117 0x00000206b6ba9c10 code [0x00000206b6ba9dc0, 0x00000206b6baa1a8]
Event: 0.616 Thread 0x0000020718232590 nmethod 1127 0x00000206b6baa510 code [0x00000206b6baa680, 0x00000206b6baa958]
Event: 0.616 Thread 0x0000020718232590 1140   !   4       sun.nio.cs.StreamDecoder::read (196 bytes)
Event: 0.617 Thread 0x0000020718239070 1139       4       org.codehaus.plexus.util.xml.pull.MXParser::nextImpl (1208 bytes)
Event: 0.620 Thread 0x00000206d21e2760 1141       1       org.codehaus.plexus.util.xml.pull.MXParser::getDepth (5 bytes)
Event: 0.620 Thread 0x00000206d21e2760 nmethod 1141 0x00000206b6baaa90 code [0x00000206b6baac20, 0x00000206b6baacf8]

GC Heap History (2 events):
Event: 0.535 GC heap before
{Heap before GC invocations=0 (full 0):
 garbage-first heap   total 458752K, used 20480K [0x0000000642c00000, 0x0000000800000000)
  region size 4096K, 5 young (20480K), 0 survivors (0K)
 Metaspace       used 4987K, committed 5248K, reserved 1114112K
  class space    used 585K, committed 704K, reserved 1048576K
}
Event: 0.538 GC heap after
{Heap after GC invocations=1 (full 0):
 garbage-first heap   total 458752K, used 3893K [0x0000000642c00000, 0x0000000800000000)
  region size 4096K, 1 young (4096K), 1 survivors (4096K)
 Metaspace       used 4987K, committed 5248K, reserved 1114112K
  class space    used 585K, committed 704K, reserved 1048576K
}

Deoptimization events (20 events):
Event: 0.573 Thread 0x00000206a7709730 Uncommon trap: trap_request=0xffffffde fr.pc=0x00000206b6ba38ac relative=0x000000000000010c
Event: 0.573 Thread 0x00000206a7709730 Uncommon trap: reason=class_check action=maybe_recompile pc=0x00000206b6ba38ac method=jdk.internal.misc.Unsafe.allocateUninitializedArray(Ljava/lang/Class;I)Ljava/lang/Object; @ 51 c2
Event: 0.573 Thread 0x00000206a7709730 DEOPT PACKING pc=0x00000206b6ba38ac sp=0x00000022d45fcfb0
Event: 0.573 Thread 0x00000206a7709730 DEOPT UNPACKING pc=0x00000206b6455ba3 sp=0x00000022d45fcf38 mode 2
Event: 0.573 Thread 0x00000206a7709730 Uncommon trap: trap_request=0xffffffde fr.pc=0x00000206b6ba38ac relative=0x000000000000010c
Event: 0.573 Thread 0x00000206a7709730 Uncommon trap: reason=class_check action=maybe_recompile pc=0x00000206b6ba38ac method=jdk.internal.misc.Unsafe.allocateUninitializedArray(Ljava/lang/Class;I)Ljava/lang/Object; @ 51 c2
Event: 0.573 Thread 0x00000206a7709730 DEOPT PACKING pc=0x00000206b6ba38ac sp=0x00000022d45f9b00
Event: 0.573 Thread 0x00000206a7709730 DEOPT UNPACKING pc=0x00000206b6455ba3 sp=0x00000022d45f9a88 mode 2
Event: 0.573 Thread 0x00000206a7709730 Uncommon trap: trap_request=0xffffffde fr.pc=0x00000206b6ba38ac relative=0x000000000000010c
Event: 0.573 Thread 0x00000206a7709730 Uncommon trap: reason=class_check action=maybe_recompile pc=0x00000206b6ba38ac method=jdk.internal.misc.Unsafe.allocateUninitializedArray(Ljava/lang/Class;I)Ljava/lang/Object; @ 51 c2
Event: 0.573 Thread 0x00000206a7709730 DEOPT PACKING pc=0x00000206b6ba38ac sp=0x00000022d45f9ba0
Event: 0.573 Thread 0x00000206a7709730 DEOPT UNPACKING pc=0x00000206b6455ba3 sp=0x00000022d45f9b28 mode 2
Event: 0.575 Thread 0x00000206a7709730 Uncommon trap: trap_request=0xffffff45 fr.pc=0x00000206b6b7a6b0 relative=0x00000000000000b0
Event: 0.575 Thread 0x00000206a7709730 Uncommon trap: reason=unstable_if action=reinterpret pc=0x00000206b6b7a6b0 method=org.codehaus.plexus.util.xml.pull.MXParser.more()C @ 8 c2
Event: 0.575 Thread 0x00000206a7709730 DEOPT PACKING pc=0x00000206b6b7a6b0 sp=0x00000022d45fdc90
Event: 0.575 Thread 0x00000206a7709730 DEOPT UNPACKING pc=0x00000206b6455ba3 sp=0x00000022d45fdc20 mode 2
Event: 0.605 Thread 0x00000206a7709730 Uncommon trap: trap_request=0xffffff45 fr.pc=0x00000206b6ba6cbc relative=0x00000000000018bc
Event: 0.605 Thread 0x00000206a7709730 Uncommon trap: reason=unstable_if action=reinterpret pc=0x00000206b6ba6cbc method=java.nio.charset.CharsetDecoder.decode(Ljava/nio/ByteBuffer;Ljava/nio/CharBuffer;Z)Ljava/nio/charset/CoderResult; @ 15 c2
Event: 0.605 Thread 0x00000206a7709730 DEOPT PACKING pc=0x00000206b6ba6cbc sp=0x00000022d45fd7b0
Event: 0.605 Thread 0x00000206a7709730 DEOPT UNPACKING pc=0x00000206b6455ba3 sp=0x00000022d45fd538 mode 2

Classes unloaded (0 events):
No events

Classes redefined (0 events):
No events

Internal exceptions (20 events):
Event: 0.212 Thread 0x00000206a7709730 Exception <a 'java/lang/NoSuchMethodError'{0x000000065e68b0f8}: 'java.lang.Object java.lang.invoke.DirectMethodHandle$Holder.newInvokeSpecial(java.lang.Object, long, java.lang.Object)'> (0x000000065e68b0f8) 
thrown [s\open\src\hotspot\share\interpreter\linkResolver.cpp, line 759]
Event: 0.213 Thread 0x00000206a7709730 Exception <a 'java/lang/NullPointerException'{0x000000065e6977c0}> (0x000000065e6977c0) 
thrown [s\open\src\hotspot\share\interpreter\linkResolver.cpp, line 1350]
Event: 0.213 Thread 0x00000206a7709730 Exception <a 'java/lang/NullPointerException'{0x000000065e697a98}> (0x000000065e697a98) 
thrown [s\open\src\hotspot\share\interpreter\linkResolver.cpp, line 1350]
Event: 0.213 Thread 0x00000206a7709730 Exception <a 'java/lang/NullPointerException'{0x000000065e697d70}> (0x000000065e697d70) 
thrown [s\open\src\hotspot\share\interpreter\linkResolver.cpp, line 1350]
Event: 0.214 Thread 0x00000206a7709730 Exception <a 'java/lang/NullPointerException'{0x000000065e69f860}> (0x000000065e69f860) 
thrown [s\open\src\hotspot\share\interpreter\linkResolver.cpp, line 1350]
Event: 0.216 Thread 0x00000206a7709730 Exception <a 'java/lang/NullPointerException'{0x000000065e6b6af0}> (0x000000065e6b6af0) 
thrown [s\open\src\hotspot\share\interpreter\linkResolver.cpp, line 1350]
Event: 0.216 Thread 0x00000206a7709730 Exception <a 'java/lang/NullPointerException'{0x000000065e6b6dc8}> (0x000000065e6b6dc8) 
thrown [s\open\src\hotspot\share\interpreter\linkResolver.cpp, line 1350]
Event: 0.216 Thread 0x00000206a7709730 Exception <a 'java/lang/NullPointerException'{0x000000065e6b70a0}> (0x000000065e6b70a0) 
thrown [s\open\src\hotspot\share\interpreter\linkResolver.cpp, line 1350]
Event: 0.216 Thread 0x00000206a7709730 Exception <a 'java/lang/NullPointerException'{0x000000065e6b7378}> (0x000000065e6b7378) 
thrown [s\open\src\hotspot\share\interpreter\linkResolver.cpp, line 1350]
Event: 0.233 Thread 0x00000206a7709730 Exception <a 'java/lang/NoSuchMethodError'{0x000000065e742348}: 'void java.lang.invoke.DirectMethodHandle$Holder.invokeStatic(java.lang.Object, java.lang.Object)'> (0x000000065e742348) 
thrown [s\open\src\hotspot\share\interpreter\linkResolver.cpp, line 759]
Event: 0.233 Thread 0x00000206a7709730 Exception <a 'java/lang/NoSuchMethodError'{0x000000065e745eb0}: 'void java.lang.invoke.DirectMethodHandle$Holder.invokeStaticInit(java.lang.Object, java.lang.Object)'> (0x000000065e745eb0) 
thrown [s\open\src\hotspot\share\interpreter\linkResolver.cpp, line 759]
Event: 0.247 Thread 0x00000206a7709730 Exception <a 'java/lang/NoSuchMethodError'{0x000000065e7a0048}: 'void java.lang.invoke.DirectMethodHandle$Holder.invokeStatic(java.lang.Object, java.lang.Object, java.lang.Object)'> (0x000000065e7a0048) 
thrown [s\open\src\hotspot\share\interpreter\linkResolver.cpp, line 759]
Event: 0.304 Thread 0x00000206a7709730 Exception <a 'java/lang/NoSuchMethodError'{0x000000065e158398}: 'java.lang.Object java.lang.invoke.DirectMethodHandle$Holder.invokeSpecialIFC(java.lang.Object, java.lang.Object, java.lang.Object, java.lang.Object)'> (0x000000065e158398) 
thrown [s\open\src\hotspot\share\interpreter\linkResolver.cpp, line 759]
Event: 0.458 Thread 0x00000206a7709730 Exception <a 'java/lang/NoSuchMethodError'{0x000000065d8178b8}: 'void java.lang.invoke.DirectMethodHandle$Holder.invokeSpecial(java.lang.Object, java.lang.Object, java.lang.Object)'> (0x000000065d8178b8) 
thrown [s\open\src\hotspot\share\interpreter\linkResolver.cpp, line 759]
Event: 0.488 Thread 0x00000206a7709730 Exception <a 'java/lang/NoSuchMethodError'{0x000000065d98fc90}: 'java.lang.Object java.lang.invoke.DirectMethodHandle$Holder.invokeInterface(java.lang.Object, java.lang.Object)'> (0x000000065d98fc90) 
thrown [s\open\src\hotspot\share\interpreter\linkResolver.cpp, line 759]
Event: 0.501 Thread 0x00000206a7709730 Exception <a 'java/lang/NoSuchMethodError'{0x000000065da485b0}: 'java.lang.Object java.lang.invoke.Invokers$Holder.invokeExact_MT(java.lang.Object, java.lang.Object, java.lang.Object, java.lang.Object, java.lang.Object, java.lang.Object)'> (0x000000065da485b0) 
thrown [s\open\src\hotspot\share\interpreter\linkResolver.cpp, line 759]
Event: 0.503 Thread 0x00000206a7709730 Exception <a 'java/lang/NoSuchMethodError'{0x000000065da59a30}: 'int java.lang.invoke.DirectMethodHandle$Holder.invokeSpecialIFC(java.lang.Object, java.lang.Object, java.lang.Object, java.lang.Object, java.lang.Object)'> (0x000000065da59a30) 
thrown [s\open\src\hotspot\share\interpreter\linkResolver.cpp, line 759]
Event: 0.542 Thread 0x00000206a7709730 Exception <a 'java/lang/NoSuchMethodError'{0x000000065e8233d0}: 'java.lang.Object java.lang.invoke.DirectMethodHandle$Holder.newInvokeSpecial(java.lang.Object, java.lang.Object, java.lang.Object, java.lang.Object, java.lang.Object)'> (0x000000065e8233d0) 
thrown [s\open\src\hotspot\share\interpreter\linkResolver.cpp, line 759]
Event: 0.564 Thread 0x00000206a7709730 Exception <a 'java/lang/NoSuchMethodError'{0x000000065e986d70}: 'int java.lang.invoke.DirectMethodHandle$Holder.invokeStaticInit(java.lang.Object, java.lang.Object)'> (0x000000065e986d70) 
thrown [s\open\src\hotspot\share\interpreter\linkResolver.cpp, line 759]
Event: 0.571 Thread 0x00000206a7709730 Exception <a 'java/lang/NoClassDefFoundError'{0x000000065ea28a80}: javax/enterprise/inject/Typed> (0x000000065ea28a80) 
thrown [s\open\src\hotspot\share\classfile\systemDictionary.cpp, line 245]

VM Operations (10 events):
Event: 0.085 Executing VM operation: HandshakeAllThreads
Event: 0.085 Executing VM operation: HandshakeAllThreads done
Event: 0.200 Executing VM operation: HandshakeAllThreads
Event: 0.200 Executing VM operation: HandshakeAllThreads done
Event: 0.209 Executing VM operation: HandshakeAllThreads
Event: 0.209 Executing VM operation: HandshakeAllThreads done
Event: 0.319 Executing VM operation: HandshakeAllThreads
Event: 0.319 Executing VM operation: HandshakeAllThreads done
Event: 0.535 Executing VM operation: G1CollectForAllocation
Event: 0.538 Executing VM operation: G1CollectForAllocation done

Events (20 events):
Event: 0.549 loading class java/util/concurrent/TimeoutException done
Event: 0.549 loading class java/util/concurrent/CancellationException
Event: 0.549 loading class java/util/concurrent/CancellationException done
Event: 0.554 loading class java/lang/reflect/ParameterizedType
Event: 0.554 loading class java/lang/reflect/ParameterizedType done
Event: 0.557 loading class java/lang/reflect/TypeVariable
Event: 0.557 loading class java/lang/reflect/TypeVariable done
Event: 0.557 loading class java/lang/reflect/WildcardType
Event: 0.557 loading class java/lang/reflect/WildcardType done
Event: 0.559 loading class sun/reflect/generics/tree/TypeVariableSignature
Event: 0.559 loading class sun/reflect/generics/tree/TypeVariableSignature done
Event: 0.571 loading class java/lang/annotation/IncompleteAnnotationException
Event: 0.571 loading class java/lang/annotation/IncompleteAnnotationException done
Event: 0.592 loading class jdk/internal/access/foreign/MemorySegmentProxy
Event: 0.592 loading class jdk/internal/access/foreign/MemorySegmentProxy done
Event: 0.594 Thread 0x00000206d2c1a7f0 Thread added: 0x00000206d2c1a7f0
Event: 0.594 Thread 0x0000020718238740 Thread added: 0x0000020718238740
Event: 0.601 Thread 0x0000020718239070 Thread added: 0x0000020718239070
Event: 0.602 Thread 0x0000020718232590 Thread added: 0x0000020718232590
Event: 0.602 Thread 0x0000020718237f30 Thread added: 0x0000020718237f30


Dynamic libraries:
0x00007ff7cced0000 - 0x00007ff7ccee0000 	C:\Program Files\Java\jdk-17\bin\java.exe
0x00007ff97fd70000 - 0x00007ff97ff88000 	C:\WINDOWS\SYSTEM32\ntdll.dll
0x00007ff97e980000 - 0x00007ff97ea44000 	C:\WINDOWS\System32\KERNEL32.DLL
0x00007ff97d170000 - 0x00007ff97d543000 	C:\WINDOWS\System32\KERNELBASE.dll
0x00007ff97cfd0000 - 0x00007ff97d0e1000 	C:\WINDOWS\System32\ucrtbase.dll
0x00007ff96a840000 - 0x00007ff96a859000 	C:\Program Files\Java\jdk-17\bin\jli.dll
0x00007ff9771c0000 - 0x00007ff9771db000 	C:\Program Files\Java\jdk-17\bin\VCRUNTIME140.dll
0x00007ff97de30000 - 0x00007ff97dee1000 	C:\WINDOWS\System32\ADVAPI32.dll
0x00007ff97fc80000 - 0x00007ff97fd27000 	C:\WINDOWS\System32\msvcrt.dll
0x00007ff97e170000 - 0x00007ff97e218000 	C:\WINDOWS\System32\sechost.dll
0x00007ff97d8b0000 - 0x00007ff97d8d8000 	C:\WINDOWS\System32\bcrypt.dll
0x00007ff97f6d0000 - 0x00007ff97f7e8000 	C:\WINDOWS\System32\RPCRT4.dll
0x00007ff97df20000 - 0x00007ff97e0d2000 	C:\WINDOWS\System32\USER32.dll
0x00007ff97d550000 - 0x00007ff97d576000 	C:\WINDOWS\System32\win32u.dll
0x00007ff97f5a0000 - 0x00007ff97f5c9000 	C:\WINDOWS\System32\GDI32.dll
0x00007ff95ea50000 - 0x00007ff95ecec000 	C:\WINDOWS\WinSxS\amd64_microsoft.windows.common-controls_6595b64144ccf1df_6.0.22621.6060_none_2712eda17382d24b\COMCTL32.dll
0x00007ff97d8e0000 - 0x00007ff97da03000 	C:\WINDOWS\System32\gdi32full.dll
0x00007ff97ce70000 - 0x00007ff97cf0a000 	C:\WINDOWS\System32\msvcp_win.dll
0x00007ff972ba0000 - 0x00007ff972baa000 	C:\WINDOWS\SYSTEM32\VERSION.dll
0x00007ff97e940000 - 0x00007ff97e971000 	C:\WINDOWS\System32\IMM32.DLL
0x00007ff977240000 - 0x00007ff97724c000 	C:\Program Files\Java\jdk-17\bin\vcruntime140_1.dll
0x00007ff955690000 - 0x00007ff95571e000 	C:\Program Files\Java\jdk-17\bin\msvcp140.dll
0x00007ff9267a0000 - 0x00007ff92737f000 	C:\Program Files\Java\jdk-17\bin\server\jvm.dll
0x00007ff97def0000 - 0x00007ff97def8000 	C:\WINDOWS\System32\PSAPI.DLL
0x00007ff949310000 - 0x00007ff949319000 	C:\WINDOWS\SYSTEM32\WSOCK32.dll
0x00007ff975960000 - 0x00007ff975994000 	C:\WINDOWS\SYSTEM32\WINMM.dll
0x00007ff97e8c0000 - 0x00007ff97e931000 	C:\WINDOWS\System32\WS2_32.dll
0x00007ff97be10000 - 0x00007ff97be28000 	C:\WINDOWS\SYSTEM32\kernel.appcore.dll
0x00007ff96a830000 - 0x00007ff96a83a000 	C:\Program Files\Java\jdk-17\bin\jimage.dll
0x00007ff97a8c0000 - 0x00007ff97aaf3000 	C:\WINDOWS\SYSTEM32\DBGHELP.DLL
0x00007ff97da80000 - 0x00007ff97de12000 	C:\WINDOWS\System32\combase.dll
0x00007ff97f5f0000 - 0x00007ff97f6c8000 	C:\WINDOWS\System32\OLEAUT32.dll
0x00007ff9625f0000 - 0x00007ff962622000 	C:\WINDOWS\SYSTEM32\dbgcore.DLL
0x00007ff97d0f0000 - 0x00007ff97d16b000 	C:\WINDOWS\System32\bcryptPrimitives.dll
0x00007ff95a000000 - 0x00007ff95a025000 	C:\Program Files\Java\jdk-17\bin\java.dll
0x00007ff93dc00000 - 0x00007ff93dcd7000 	C:\Program Files\Java\jdk-17\bin\jsvml.dll
0x00007ff97ebd0000 - 0x00007ff97f46e000 	C:\WINDOWS\System32\SHELL32.dll
0x00007ff97d6f0000 - 0x00007ff97d82f000 	C:\WINDOWS\System32\wintypes.dll
0x00007ff97ad00000 - 0x00007ff97b618000 	C:\WINDOWS\SYSTEM32\windows.storage.dll
0x00007ff97e220000 - 0x00007ff97e324000 	C:\WINDOWS\System32\SHCORE.dll
0x00007ff97e380000 - 0x00007ff97e3e9000 	C:\WINDOWS\System32\shlwapi.dll
0x00007ff97cda0000 - 0x00007ff97cdc5000 	C:\WINDOWS\SYSTEM32\profapi.dll
0x00007ff959fe0000 - 0x00007ff959ff9000 	C:\Program Files\Java\jdk-17\bin\net.dll
0x00007ff978b30000 - 0x00007ff978c5c000 	C:\WINDOWS\SYSTEM32\WINHTTP.dll
0x00007ff97c300000 - 0x00007ff97c369000 	C:\WINDOWS\system32\mswsock.dll
0x00007ff959f50000 - 0x00007ff959f66000 	C:\Program Files\Java\jdk-17\bin\nio.dll
0x00007ff959f30000 - 0x00007ff959f48000 	C:\Program Files\Java\jdk-17\bin\zip.dll
0x00007ff9597a0000 - 0x00007ff9597c4000 	C:\Users\27978\.m2\wrapper\dists\apache-maven-3.9.11\03d7e36a140982eea48e22c1dcac01d8862b2550b2939e09a0809bbc5182a5bc\lib\jansi-native\Windows\x86_64\jansi.dll
0x00007ff9690b0000 - 0x00007ff9690c0000 	C:\Program Files\Java\jdk-17\bin\verify.dll

dbghelp: loaded successfully - version: 4.0.5 - missing functions: none
symbol engine: initialized successfully - sym options: 0x614 - pdb path: .;C:\Program Files\Java\jdk-17\bin;C:\WINDOWS\SYSTEM32;C:\WINDOWS\WinSxS\amd64_microsoft.windows.common-controls_6595b64144ccf1df_6.0.22621.6060_none_2712eda17382d24b;C:\Program Files\Java\jdk-17\bin\server;C:\Users\27978\.m2\wrapper\dists\apache-maven-3.9.11\03d7e36a140982eea48e22c1dcac01d8862b2550b2939e09a0809bbc5182a5bc\lib\jansi-native\Windows\x86_64

VM Arguments:
jvm_args: --enable-native-access=ALL-UNNAMED -Dclassworlds.conf=C:\Users\27978\.m2\wrapper\dists\apache-maven-3.9.11\03d7e36a140982eea48e22c1dcac01d8862b2550b2939e09a0809bbc5182a5bc\bin\m2.conf -Dmaven.home=C:\Users\27978\.m2\wrapper\dists\apache-maven-3.9.11\03d7e36a140982eea48e22c1dcac01d8862b2550b2939e09a0809bbc5182a5bc -Dlibrary.jansi.path=C:\Users\27978\.m2\wrapper\dists\apache-maven-3.9.11\03d7e36a140982eea48e22c1dcac01d8862b2550b2939e09a0809bbc5182a5bc\lib\jansi-native -Dmaven.multiModuleProjectDirectory=D:\importantFile\大三上\System3\smartLesson 
java_command: org.codehaus.plexus.classworlds.launcher.Launcher -q -DskipTests clean package
java_class_path (initial): C:\Users\27978\.m2\wrapper\dists\apache-maven-3.9.11\03d7e36a140982eea48e22c1dcac01d8862b2550b2939e09a0809bbc5182a5bc\boot\plexus-classworlds-2.9.0.jar
Launcher Type: SUN_STANDARD

[Global flags]
     intx CICompilerCount                          = 12                                        {product} {ergonomic}
     uint ConcGCThreads                            = 3                                         {product} {ergonomic}
     uint G1ConcRefinementThreads                  = 13                                        {product} {ergonomic}
   size_t G1HeapRegionSize                         = 4194304                                   {product} {ergonomic}
    uintx GCDrainStackTargetSize                   = 64                                        {product} {ergonomic}
   size_t InitialHeapSize                          = 469762048                                 {product} {ergonomic}
   size_t MarkStackSize                            = 4194304                                   {product} {ergonomic}
   size_t MaxHeapSize                              = 7470055424                                {product} {ergonomic}
   size_t MaxNewSize                               = 4479516672                                {product} {ergonomic}
   size_t MinHeapDeltaBytes                        = 4194304                                   {product} {ergonomic}
   size_t MinHeapSize                              = 8388608                                   {product} {ergonomic}
    uintx NonNMethodCodeHeapSize                   = 7602480                                {pd product} {ergonomic}
    uintx NonProfiledCodeHeapSize                  = 122027880                              {pd product} {ergonomic}
    uintx ProfiledCodeHeapSize                     = 122027880                              {pd product} {ergonomic}
    uintx ReservedCodeCacheSize                    = 251658240                              {pd product} {ergonomic}
     bool SegmentedCodeCache                       = true                                      {product} {ergonomic}
   size_t SoftMaxHeapSize                          = 7470055424                             {manageable} {ergonomic}
     bool UseCompressedClassPointers               = true                           {product lp64_product} {ergonomic}
     bool UseCompressedOops                        = true                           {product lp64_product} {ergonomic}
     bool UseG1GC                                  = true                                      {product} {ergonomic}
     bool UseLargePagesIndividualAllocation        = false                                  {pd product} {ergonomic}

Logging:
Log output configuration:
 #0: stdout all=warning uptime,level,tags
 #1: stderr all=off uptime,level,tags

Environment Variables:
JAVA_HOME=C:\\Program Files\\Java\\jdk-17
PATH=C:\Program Files\Java\jdk-17\bin;C:\Users\27978\.trae\tools\maven\latest\bin;C:\Users\27978\.trae\tools\gradle\latest\bin;c:\Users\27978\.trae\sdks\workspaces\0776e5b5\versions\node\current;c:\Users\27978\.trae\sdks\versions\node\current;D:\1Tools\A\envs\yolo;D:\1Tools\A\envs\yolo\Library\mingw-w64\bin;D:\1Tools\A\envs\yolo\Library\usr\bin;D:\1Tools\A\envs\yolo\Library\bin;D:\1Tools\A\envs\yolo\Scripts;D:\1Tools\A\envs\yolo\bin;D:\1Tools\A\condabin;C:\Program Files\Java\jdk-17\bin;C:\Users\27978\.trae\tools\maven\latest\bin;C:\Users\27978\.trae\tools\gradle\latest\bin;c:\Users\27978\.trae\sdks\workspaces\0776e5b5\versions\node\current;c:\Users\27978\.trae\sdks\versions\node\current;C:\Program Files\Common Files\Oracle\Java\javapath;D:\1Tools\GUROBI\win64\bin;c:\Users\27978\AppData\Local\Programs\cursor\resources\app\bin;C:\Program Files (x86)\Common Files\Oracle\Java\javapath;C:\WINDOWS\system32;C:\WINDOWS;C:\WINDOWS\System32\Wbem;C:\WINDOWS\System32\WindowsPowerShell\v1.0;C:\WINDOWS\System32\OpenSSH;D:\1Tools\Matlab\runtime\win64;D:\1Tools\Matlab\bin;D:\1Tools\Tex Live\texlive\2024\bin\windows;D:\1Tools\Maven\apache-maven-3.5.4\bin;C:\Program Files\MySQL\MySQL Server 5.7\bin;D:\1Tools\Aria2;D:\1Tools\Git\Git\cmd;C:\Users\27978\Downloads\Redis-x64-5.0.14.1;D:\1Tools\Python\python\Scripts;D:\1Tools\Python\python;C:\Users\27978\AppData\Local\Microsoft\WindowsApps;D:\1Tools\IntelliJ IDEA\IntelliJ IDEA 2024.1.1\bin;D:\1Tools\Aria2;D:\1Tools\PyCharm\PyCharm 2024.1.4\bin;D:\1Tools\A\envs\DL\Library\bin;C:\Users\27978\AppData\Roaming\npm;C:\Use;C:\Program Files\nodejs;C:\Program Files\Docker\Docker\resources\bin;D:\1Tools\python3.8\Scripts;D:\1Tools\python3.8;D:\1Tools\Python\python\Scripts;D:\1Tools\Python\python;C:\Users\27978\AppData\Local\Microsoft\WindowsApps;D:\1Tools\NIDEA\IntelliJ IDEA 2025.1.2\bin;.;D:\1Tools\Aria2;D:\1Tools\PyCharm\PyCharm 2024.1.4\bin;.;D:\1Tools\A\envs\DL\Library\bin;C:\Users\27978\Downloads\Redis-x64-5.0.14.1;D:\1Tools\CLion 2024.2.2\bin;.;D
USERNAME=27978
LANG=zh_CN.UTF-8
OS=Windows_NT
PROCESSOR_IDENTIFIER=AMD64 Family 25 Model 116 Stepping 1, AuthenticAMD



---------------  S Y S T E M  ---------------

OS:
 Windows 11 , 64 bit Build 22621 (10.0.22621.5415)
OS uptime: 6 days 3:17 hours
Hyper-V role detected

CPU: total 16 (initial active 16) (16 cores per cpu, 2 threads per core) family 25 model 116 stepping 1 microcode 0x0, cx8, cmov, fxsr, ht, mmx, 3dnowpref, sse, sse2, sse3, ssse3, sse4a, sse4.1, sse4.2, popcnt, lzcnt, tsc, tscinvbit, avx, avx2, aes, erms, clmul, bmi1, bmi2, adx, avx512f, avx512dq, avx512cd, avx512bw, avx512vl, sha, fma, vzeroupper, avx512_vpopcntdq, avx512_vpclmulqdq, avx512_vaes, avx512_vnni, clflush, clflushopt, avx512_vbmi2, avx512_vbmi, hv

Memory: 4k page, system-wide physical 28483M (3496M free)
TotalPageFile size 46506M (AvailPageFile size 0M)
current process WorkingSet (physical memory assigned to process): 92M, peak: 92M
current process commit charge ("private bytes"): 583M, peak: 583M

vm_info: Java HotSpot(TM) 64-Bit Server VM (17.0.10+11-LTS-240) for windows-amd64 JRE (17.0.10+11-LTS-240), built on Dec 19 2023 21:47:25 by "mach5one" with MS VC++ 17.1 (VS2022)

END.
